<?xml version="1.0" encoding="UTF-8" ?>
<testsuite tests="28" failures="24" name="com.mscheduler.model.MeetingTest" time="0.535" errors="4" skipped="0">
  <properties>
    <property name="java.runtime.name" value="Java(TM) SE Runtime Environment"/>
    <property name="sun.boot.library.path" value="C:\Program Files\Java\jdk1.8.0_102\jre\bin"/>
    <property name="java.vm.version" value="25.102-b14"/>
    <property name="user.country.format" value="ID"/>
    <property name="java.vm.vendor" value="Oracle Corporation"/>
    <property name="java.vendor.url" value="http://java.oracle.com/"/>
    <property name="path.separator" value=";"/>
    <property name="guice.disable.misplaced.annotation.check" value="true"/>
    <property name="java.vm.name" value="Java HotSpot(TM) 64-Bit Server VM"/>
    <property name="file.encoding.pkg" value="sun.io"/>
    <property name="user.script" value=""/>
    <property name="user.country" value="US"/>
    <property name="sun.java.launcher" value="SUN_STANDARD"/>
    <property name="sun.os.patch.level" value="Service Pack 1"/>
    <property name="java.vm.specification.name" value="Java Virtual Machine Specification"/>
    <property name="user.dir" value="D:\Github\TugasAkhirPPL\Source"/>
    <property name="java.runtime.version" value="1.8.0_102-b14"/>
    <property name="java.awt.graphicsenv" value="sun.awt.Win32GraphicsEnvironment"/>
    <property name="java.endorsed.dirs" value="C:\Program Files\Java\jdk1.8.0_102\jre\lib\endorsed"/>
    <property name="os.arch" value="amd64"/>
    <property name="java.io.tmpdir" value="C:\Users\Angelica\AppData\Local\Temp\"/>
    <property name="line.separator" value="
"/>
    <property name="java.vm.specification.vendor" value="Oracle Corporation"/>
    <property name="user.variant" value=""/>
    <property name="os.name" value="Windows 7"/>
    <property name="maven.ext.class.path" value="C:\Program Files\NetBeans 8.0.2\java\maven-nblib\netbeans-eventspy.jar"/>
    <property name="classworlds.conf" value="C:\Program Files\NetBeans 8.0.2\java\maven\bin\m2.conf"/>
    <property name="sun.jnu.encoding" value="Cp1252"/>
    <property name="java.library.path" value="C:\Program Files\Java\jdk1.8.0_102\bin;C:\Windows\Sun\Java\bin;C:\Windows\system32;C:\Windows;C:\ProgramData\Oracle\Java\javapath;C:\Program Files (x86)\Intel\iCLS Client\;C:\Program Files\Intel\iCLS Client\;C:\Windows\system32;C:\Windows;C:\Windows\System32\Wbem;C:\Windows\System32\WindowsPowerShell\v1.0\;C:\Program Files (x86)\Intel\OpenCL SDK\2.0\bin\x86;C:\Program Files (x86)\Intel\OpenCL SDK\2.0\bin\x64;C:\Program Files\Intel\Intel(R) Management Engine Components\DAL;C:\Program Files\Intel\Intel(R) Management Engine Components\IPT;C:\Program Files (x86)\Intel\Intel(R) Management Engine Components\DAL;C:\Program Files (x86)\Intel\Intel(R) Management Engine Components\IPT;C:\Windows\system32\config\systemprofile\.dnx\bin;C:\Program Files\Microsoft DNX\Dnvm\;C:\Program Files\Microsoft SQL Server\130\Tools\Binn\;C:\Program Files (x86)\GtkSharp\2.12\bin;C:\Program Files (x86)\Microsoft SQL Server\Client SDK\ODBC\130\Tools\Binn\;C:\Program Files (x86)\Microsoft SQL Server\130\Tools\Binn\;C:\Program Files (x86)\Microsoft SQL Server\130\DTS\Binn\;C:\Program Files (x86)\Microsoft SQL Server\130\Tools\Binn\ManagementStudio\;C:\Program Files\Microsoft SQL Server\110\DTS\Binn\;C:\Program Files (x86)\Microsoft SQL Server\110\Tools\Binn\;C:\Program Files\Microsoft SQL Server\110\Tools\Binn\;C:\Program Files (x86)\Microsoft SQL Server\110\Tools\Binn\ManagementStudio\;C:\Program Files (x86)\Microsoft Visual Studio 10.0\Common7\IDE\PrivateAssemblies\;C:\Program Files (x86)\Microsoft SQL Server\110\DTS\Binn\;."/>
    <property name="java.specification.name" value="Java Platform API Specification"/>
    <property name="java.class.version" value="52.0"/>
    <property name="sun.management.compiler" value="HotSpot 64-Bit Tiered Compilers"/>
    <property name="os.version" value="6.1"/>
    <property name="user.home" value="C:\Users\Angelica"/>
    <property name="user.timezone" value="Asia/Bangkok"/>
    <property name="java.awt.printerjob" value="sun.awt.windows.WPrinterJob"/>
    <property name="java.specification.version" value="1.8"/>
    <property name="file.encoding" value="UTF-8"/>
    <property name="user.name" value="Angelica"/>
    <property name="java.class.path" value="C:\Program Files\NetBeans 8.0.2\java\maven\boot\plexus-classworlds-2.4.jar"/>
    <property name="java.vm.specification.version" value="1.8"/>
    <property name="sun.arch.data.model" value="64"/>
    <property name="java.home" value="C:\Program Files\Java\jdk1.8.0_102\jre"/>
    <property name="sun.java.command" value="org.codehaus.plexus.classworlds.launcher.Launcher -Dmaven.ext.class.path=C:\Program Files\NetBeans 8.0.2\java\maven-nblib\netbeans-eventspy.jar -Dfile.encoding=UTF-8 test"/>
    <property name="java.specification.vendor" value="Oracle Corporation"/>
    <property name="user.language" value="en"/>
    <property name="user.language.format" value="id"/>
    <property name="awt.toolkit" value="sun.awt.windows.WToolkit"/>
    <property name="java.vm.info" value="mixed mode"/>
    <property name="java.version" value="1.8.0_102"/>
    <property name="java.ext.dirs" value="C:\Program Files\Java\jdk1.8.0_102\jre\lib\ext;C:\Windows\Sun\Java\lib\ext"/>
    <property name="sun.boot.class.path" value="C:\Program Files\Java\jdk1.8.0_102\jre\lib\resources.jar;C:\Program Files\Java\jdk1.8.0_102\jre\lib\rt.jar;C:\Program Files\Java\jdk1.8.0_102\jre\lib\sunrsasign.jar;C:\Program Files\Java\jdk1.8.0_102\jre\lib\jsse.jar;C:\Program Files\Java\jdk1.8.0_102\jre\lib\jce.jar;C:\Program Files\Java\jdk1.8.0_102\jre\lib\charsets.jar;C:\Program Files\Java\jdk1.8.0_102\jre\lib\jfr.jar;C:\Program Files\Java\jdk1.8.0_102\jre\classes"/>
    <property name="java.vendor" value="Oracle Corporation"/>
    <property name="maven.home" value="C:\Program Files\NetBeans 8.0.2\java\maven"/>
    <property name="file.separator" value="\"/>
    <property name="java.vendor.url.bug" value="http://bugreport.sun.com/bugreport/"/>
    <property name="sun.cpu.endian" value="little"/>
    <property name="sun.io.unicode.encoding" value="UnicodeLittle"/>
    <property name="sun.desktop" value="windows"/>
    <property name="sun.cpu.isalist" value="amd64"/>
  </properties>
  <testcase classname="com.mscheduler.model.MeetingTest" name="testToString" time="0.318">
    <error type="java.lang.NullPointerException">java.lang.NullPointerException
	at com.mscheduler.model.Meeting.toString(Meeting.java:64)
	at com.mscheduler.model.MeetingTest.testToString(MeetingTest.java:27)
</error>
    <system-out>toString
</system-out>
  </testcase>
  <testcase classname="com.mscheduler.model.MeetingTest" name="testGetStatus" time="0">
    <failure message="The test case is a prototype." type="junit.framework.AssertionFailedError">junit.framework.AssertionFailedError: The test case is a prototype.
	at junit.framework.Assert.fail(Assert.java:47)
	at com.mscheduler.model.MeetingTest.testGetStatus(MeetingTest.java:334)
</failure>
    <system-out>getStatus
</system-out>
  </testcase>
  <testcase classname="com.mscheduler.model.MeetingTest" name="testSetStatus" time="0">
    <failure message="The test case is a prototype." type="junit.framework.AssertionFailedError">junit.framework.AssertionFailedError: The test case is a prototype.
	at junit.framework.Assert.fail(Assert.java:47)
	at com.mscheduler.model.MeetingTest.testSetStatus(MeetingTest.java:346)
</failure>
    <system-out>setStatus
</system-out>
  </testcase>
  <testcase classname="com.mscheduler.model.MeetingTest" name="testGetId" time="0">
    <failure message="The test case is a prototype." type="junit.framework.AssertionFailedError">junit.framework.AssertionFailedError: The test case is a prototype.
	at junit.framework.Assert.fail(Assert.java:47)
	at com.mscheduler.model.MeetingTest.testGetId(MeetingTest.java:84)
</failure>
    <system-out>getId
</system-out>
  </testcase>
  <testcase classname="com.mscheduler.model.MeetingTest" name="testSetId" time="0.001">
    <failure message="The test case is a prototype." type="junit.framework.AssertionFailedError">junit.framework.AssertionFailedError: The test case is a prototype.
	at junit.framework.Assert.fail(Assert.java:47)
	at com.mscheduler.model.MeetingTest.testSetId(MeetingTest.java:96)
</failure>
    <system-out>setId
</system-out>
  </testcase>
  <testcase classname="com.mscheduler.model.MeetingTest" name="testGetTitle" time="0">
    <failure message="expected:&lt;&gt; but was:&lt;null&gt;" type="junit.framework.ComparisonFailure">junit.framework.ComparisonFailure: expected:&lt;&gt; but was:&lt;null&gt;
	at junit.framework.Assert.assertEquals(Assert.java:81)
	at junit.framework.Assert.assertEquals(Assert.java:87)
	at com.mscheduler.model.MeetingTest.testGetTitle(MeetingTest.java:107)
</failure>
    <system-out>getTitle
</system-out>
  </testcase>
  <testcase classname="com.mscheduler.model.MeetingTest" name="testSetTitle" time="0">
    <failure message="The test case is a prototype." type="junit.framework.AssertionFailedError">junit.framework.AssertionFailedError: The test case is a prototype.
	at junit.framework.Assert.fail(Assert.java:47)
	at com.mscheduler.model.MeetingTest.testSetTitle(MeetingTest.java:121)
</failure>
    <system-out>setTitle
</system-out>
  </testcase>
  <testcase classname="com.mscheduler.model.MeetingTest" name="testGetAgenda" time="0">
    <failure message="expected:&lt;&gt; but was:&lt;null&gt;" type="junit.framework.ComparisonFailure">junit.framework.ComparisonFailure: expected:&lt;&gt; but was:&lt;null&gt;
	at junit.framework.Assert.assertEquals(Assert.java:81)
	at junit.framework.Assert.assertEquals(Assert.java:87)
	at com.mscheduler.model.MeetingTest.testGetAgenda(MeetingTest.java:132)
</failure>
    <system-out>getAgenda
</system-out>
  </testcase>
  <testcase classname="com.mscheduler.model.MeetingTest" name="testSetAgenda" time="0.199">
    <failure message="The test case is a prototype." type="junit.framework.AssertionFailedError">junit.framework.AssertionFailedError: The test case is a prototype.
	at junit.framework.Assert.fail(Assert.java:47)
	at com.mscheduler.model.MeetingTest.testSetAgenda(MeetingTest.java:171)
</failure>
    <system-out>setAgenda
</system-out>
  </testcase>
  <testcase classname="com.mscheduler.model.MeetingTest" name="testGetLocation" time="0">
    <failure message="expected:&lt;&gt; but was:&lt;null&gt;" type="junit.framework.ComparisonFailure">junit.framework.ComparisonFailure: expected:&lt;&gt; but was:&lt;null&gt;
	at junit.framework.Assert.assertEquals(Assert.java:81)
	at junit.framework.Assert.assertEquals(Assert.java:87)
	at com.mscheduler.model.MeetingTest.testGetLocation(MeetingTest.java:182)
</failure>
    <system-out>getLocation
</system-out>
  </testcase>
  <testcase classname="com.mscheduler.model.MeetingTest" name="testSetLocation" time="0">
    <failure message="The test case is a prototype." type="junit.framework.AssertionFailedError">junit.framework.AssertionFailedError: The test case is a prototype.
	at junit.framework.Assert.fail(Assert.java:47)
	at com.mscheduler.model.MeetingTest.testSetLocation(MeetingTest.java:196)
</failure>
    <system-out>setLocation
</system-out>
  </testcase>
  <testcase classname="com.mscheduler.model.MeetingTest" name="testGetDuration" time="0.001">
    <failure message="The test case is a prototype." type="junit.framework.AssertionFailedError">junit.framework.AssertionFailedError: The test case is a prototype.
	at junit.framework.Assert.fail(Assert.java:47)
	at com.mscheduler.model.MeetingTest.testGetDuration(MeetingTest.java:209)
</failure>
    <system-out>getDuration
</system-out>
  </testcase>
  <testcase classname="com.mscheduler.model.MeetingTest" name="testSetDuration" time="0">
    <failure message="The test case is a prototype." type="junit.framework.AssertionFailedError">junit.framework.AssertionFailedError: The test case is a prototype.
	at junit.framework.Assert.fail(Assert.java:47)
	at com.mscheduler.model.MeetingTest.testSetDuration(MeetingTest.java:221)
</failure>
    <system-out>setDuration
</system-out>
  </testcase>
  <testcase classname="com.mscheduler.model.MeetingTest" name="testIsPastDeadline" time="0">
    <error type="java.lang.NullPointerException">java.lang.NullPointerException
	at com.mscheduler.model.Meeting.isPastDeadline(Meeting.java:92)
	at com.mscheduler.model.MeetingTest.testIsPastDeadline(MeetingTest.java:40)
</error>
    <system-out>isPastDeadline
</system-out>
  </testcase>
  <testcase classname="com.mscheduler.model.MeetingTest" name="testIsImportantParticipant" time="0.011">
    <error type="java.lang.NullPointerException">java.lang.NullPointerException
	at com.mscheduler.model.Meeting.isImportantParticipant(Meeting.java:101)
	at com.mscheduler.model.MeetingTest.testIsImportantParticipant(MeetingTest.java:54)
</error>
    <system-out>isImportantParticipant
</system-out>
  </testcase>
  <testcase classname="com.mscheduler.model.MeetingTest" name="testIsNormalParticipant" time="0">
    <error type="java.lang.NullPointerException">java.lang.NullPointerException
	at com.mscheduler.model.Meeting.isNormalParticipant(Meeting.java:111)
	at com.mscheduler.model.MeetingTest.testIsNormalParticipant(MeetingTest.java:68)
</error>
    <system-out>isNormalParticipant
</system-out>
  </testcase>
  <testcase classname="com.mscheduler.model.MeetingTest" name="testGetPastDeadline" time="0">
    <failure message="The test case is a prototype." type="junit.framework.AssertionFailedError">junit.framework.AssertionFailedError: The test case is a prototype.
	at junit.framework.Assert.fail(Assert.java:47)
	at com.mscheduler.model.MeetingTest.testGetPastDeadline(MeetingTest.java:147)
</failure>
    <system-out>getPastDeadline
</system-out>
  </testcase>
  <testcase classname="com.mscheduler.model.MeetingTest" name="testSetPastDeadline" time="0.001">
    <failure message="The test case is a prototype." type="junit.framework.AssertionFailedError">junit.framework.AssertionFailedError: The test case is a prototype.
	at junit.framework.Assert.fail(Assert.java:47)
	at com.mscheduler.model.MeetingTest.testSetPastDeadline(MeetingTest.java:159)
</failure>
    <system-out>setPastDeadline
</system-out>
  </testcase>
  <testcase classname="com.mscheduler.model.MeetingTest" name="testGetProposed_date_range" time="0">
    <failure message="The test case is a prototype." type="junit.framework.AssertionFailedError">junit.framework.AssertionFailedError: The test case is a prototype.
	at junit.framework.Assert.fail(Assert.java:47)
	at com.mscheduler.model.MeetingTest.testGetProposed_date_range(MeetingTest.java:234)
</failure>
    <system-out>getProposed_date_range
</system-out>
  </testcase>
  <testcase classname="com.mscheduler.model.MeetingTest" name="testSetProposed_date_range" time="0">
    <failure message="The test case is a prototype." type="junit.framework.AssertionFailedError">junit.framework.AssertionFailedError: The test case is a prototype.
	at junit.framework.Assert.fail(Assert.java:47)
	at com.mscheduler.model.MeetingTest.testSetProposed_date_range(MeetingTest.java:246)
</failure>
    <system-out>setProposed_date_range
</system-out>
  </testcase>
  <testcase classname="com.mscheduler.model.MeetingTest" name="testGetNegotiation_deadline" time="0">
    <failure message="The test case is a prototype." type="junit.framework.AssertionFailedError">junit.framework.AssertionFailedError: The test case is a prototype.
	at junit.framework.Assert.fail(Assert.java:47)
	at com.mscheduler.model.MeetingTest.testGetNegotiation_deadline(MeetingTest.java:259)
</failure>
    <system-out>getNegotiation_deadline
</system-out>
  </testcase>
  <testcase classname="com.mscheduler.model.MeetingTest" name="testSetNegotiation_deadline" time="0">
    <failure message="The test case is a prototype." type="junit.framework.AssertionFailedError">junit.framework.AssertionFailedError: The test case is a prototype.
	at junit.framework.Assert.fail(Assert.java:47)
	at com.mscheduler.model.MeetingTest.testSetNegotiation_deadline(MeetingTest.java:271)
</failure>
    <system-out>setNegotiation_deadline
</system-out>
  </testcase>
  <testcase classname="com.mscheduler.model.MeetingTest" name="testGetParticipants" time="0">
    <failure message="The test case is a prototype." type="junit.framework.AssertionFailedError">junit.framework.AssertionFailedError: The test case is a prototype.
	at junit.framework.Assert.fail(Assert.java:47)
	at com.mscheduler.model.MeetingTest.testGetParticipants(MeetingTest.java:284)
</failure>
    <system-out>getParticipants
</system-out>
  </testcase>
  <testcase classname="com.mscheduler.model.MeetingTest" name="testSetParticipants" time="0">
    <failure message="The test case is a prototype." type="junit.framework.AssertionFailedError">junit.framework.AssertionFailedError: The test case is a prototype.
	at junit.framework.Assert.fail(Assert.java:47)
	at com.mscheduler.model.MeetingTest.testSetParticipants(MeetingTest.java:296)
</failure>
    <system-out>setParticipants
</system-out>
  </testcase>
  <testcase classname="com.mscheduler.model.MeetingTest" name="testGetImportant_participants" time="0">
    <failure message="The test case is a prototype." type="junit.framework.AssertionFailedError">junit.framework.AssertionFailedError: The test case is a prototype.
	at junit.framework.Assert.fail(Assert.java:47)
	at com.mscheduler.model.MeetingTest.testGetImportant_participants(MeetingTest.java:309)
</failure>
    <system-out>getImportant_participants
</system-out>
  </testcase>
  <testcase classname="com.mscheduler.model.MeetingTest" name="testSetImportant_participants" time="0">
    <failure message="The test case is a prototype." type="junit.framework.AssertionFailedError">junit.framework.AssertionFailedError: The test case is a prototype.
	at junit.framework.Assert.fail(Assert.java:47)
	at com.mscheduler.model.MeetingTest.testSetImportant_participants(MeetingTest.java:321)
</failure>
    <system-out>setImportant_participants
</system-out>
  </testcase>
  <testcase classname="com.mscheduler.model.MeetingTest" name="testGetAgreed_time" time="0">
    <failure message="The test case is a prototype." type="junit.framework.AssertionFailedError">junit.framework.AssertionFailedError: The test case is a prototype.
	at junit.framework.Assert.fail(Assert.java:47)
	at com.mscheduler.model.MeetingTest.testGetAgreed_time(MeetingTest.java:359)
</failure>
    <system-out>getAgreed_time
</system-out>
  </testcase>
  <testcase classname="com.mscheduler.model.MeetingTest" name="testSetAgreed_time" time="0">
    <failure message="The test case is a prototype." type="junit.framework.AssertionFailedError">junit.framework.AssertionFailedError: The test case is a prototype.
	at junit.framework.Assert.fail(Assert.java:47)
	at com.mscheduler.model.MeetingTest.testSetAgreed_time(MeetingTest.java:371)
</failure>
    <system-out>setAgreed_time
</system-out>
  </testcase>
</testsuite>